--- Début du processus d'entraînement de tous les modèles ---
Found 11573 matches with complete odds data. Training on this subset.
Creating implied probability features from odds...
Ajout des caractéristiques Head-to-Head...
Caractéristiques Head-to-Head ajoutées.
Début du Feature Engineering...
Feature Engineering terminé.

--- Entraînement et optimisation du classifieur (XGBoost) ---
Début de la recherche des meilleurs hyperparamètres...
Fitting 3 folds for each of 16 candidates, totalling 48 fits
Meilleurs paramètres trouvés: {'learning_rate': 0.1, 'max_depth': 5, 'n_estimators': 200, 'subsample': 0.8}
Précision du classifieur XGBoost optimisé: 59.35%

--- Entraînement du régresseur pour home_goals ---
MAE pour home_goals: 0.89 buts

--- Entraînement du régresseur pour away_goals ---
MAE pour away_goals: 0.83 buts

Modèles sauvegardés dans /home/moncomptelove/football-prediction-platform/backend

--- Fin du processus d'entraînement ---
[CV] END learning_rate=0.05, max_depth=3, n_estimators=100, subsample=0.8; total time=   1.1s
[CV] END learning_rate=0.05, max_depth=3, n_estimators=100, subsample=1.0; total time=   1.0s
[CV] END learning_rate=0.05, max_depth=3, n_estimators=100, subsample=1.0; total time=   1.0s
[CV] END learning_rate=0.05, max_depth=3, n_estimators=200, subsample=0.8; total time=   2.0s
[CV] END learning_rate=0.05, max_depth=3, n_estimators=200, subsample=1.0; total time=   2.1s
[CV] END learning_rate=0.05, max_depth=3, n_estimators=200, subsample=1.0; total time=   1.9s
[CV] END learning_rate=0.05, max_depth=5, n_estimators=100, subsample=0.8; total time=   2.4s
[CV] END learning_rate=0.05, max_depth=5, n_estimators=100, subsample=0.8; total time=   2.4s
[CV] END learning_rate=0.05, max_depth=5, n_estimators=100, subsample=1.0; total time=   2.4s
[CV] END learning_rate=0.05, max_depth=5, n_estimators=200, subsample=0.8; total time=   4.8s
[CV] END learning_rate=0.05, max_depth=5, n_estimators=200, subsample=0.8; total time=   4.5s
[CV] END learning_rate=0.05, max_depth=5, n_estimators=200, subsample=1.0; total time=   4.6s
[CV] END learning_rate=0.1, max_depth=3, n_estimators=100, subsample=0.8; total time=   1.0s
[CV] END learning_rate=0.1, max_depth=3, n_estimators=100, subsample=1.0; total time=   1.0s
[CV] END learning_rate=0.1, max_depth=3, n_estimators=100, subsample=1.0; total time=   1.0s
[CV] END learning_rate=0.1, max_depth=3, n_estimators=200, subsample=0.8; total time=   2.0s
[CV] END learning_rate=0.1, max_depth=3, n_estimators=200, subsample=1.0; total time=   2.1s
[CV] END learning_rate=0.1, max_depth=3, n_estimators=200, subsample=1.0; total time=   1.9s
[CV] END learning_rate=0.1, max_depth=5, n_estimators=100, subsample=0.8; total time=   2.3s
[CV] END learning_rate=0.1, max_depth=5, n_estimators=100, subsample=0.8; total time=   2.9s
[CV] END learning_rate=0.1, max_depth=5, n_estimators=100, subsample=1.0; total time=   2.8s
[CV] END learning_rate=0.1, max_depth=5, n_estimators=200, subsample=0.8; total time=   5.2s
[CV] END learning_rate=0.1, max_depth=5, n_estimators=200, subsample=1.0; total time=   6.2s
[CV] END learning_rate=0.1, max_depth=5, n_estimators=200, subsample=1.0; total time=   4.6s
[CV] END learning_rate=0.05, max_depth=3, n_estimators=100, subsample=0.8; total time=   1.1s
[CV] END learning_rate=0.05, max_depth=3, n_estimators=100, subsample=0.8; total time=   1.1s
[CV] END learning_rate=0.05, max_depth=3, n_estimators=100, subsample=1.0; total time=   1.0s
[CV] END learning_rate=0.05, max_depth=3, n_estimators=200, subsample=0.8; total time=   2.0s
[CV] END learning_rate=0.05, max_depth=3, n_estimators=200, subsample=0.8; total time=   2.2s
[CV] END learning_rate=0.05, max_depth=3, n_estimators=200, subsample=1.0; total time=   1.9s
[CV] END learning_rate=0.05, max_depth=5, n_estimators=100, subsample=0.8; total time=   2.4s
[CV] END learning_rate=0.05, max_depth=5, n_estimators=100, subsample=1.0; total time=   2.4s
[CV] END learning_rate=0.05, max_depth=5, n_estimators=100, subsample=1.0; total time=   2.4s
[CV] END learning_rate=0.05, max_depth=5, n_estimators=200, subsample=0.8; total time=   4.8s
[CV] END learning_rate=0.05, max_depth=5, n_estimators=200, subsample=1.0; total time=   4.3s
[CV] END learning_rate=0.05, max_depth=5, n_estimators=200, subsample=1.0; total time=   4.6s
[CV] END learning_rate=0.1, max_depth=3, n_estimators=100, subsample=0.8; total time=   1.1s
[CV] END learning_rate=0.1, max_depth=3, n_estimators=100, subsample=0.8; total time=   1.0s
[CV] END learning_rate=0.1, max_depth=3, n_estimators=100, subsample=1.0; total time=   1.0s
[CV] END learning_rate=0.1, max_depth=3, n_estimators=200, subsample=0.8; total time=   2.0s
[CV] END learning_rate=0.1, max_depth=3, n_estimators=200, subsample=0.8; total time=   2.2s
[CV] END learning_rate=0.1, max_depth=3, n_estimators=200, subsample=1.0; total time=   1.9s
[CV] END learning_rate=0.1, max_depth=5, n_estimators=100, subsample=0.8; total time=   2.3s
[CV] END learning_rate=0.1, max_depth=5, n_estimators=100, subsample=1.0; total time=   2.7s
[CV] END learning_rate=0.1, max_depth=5, n_estimators=100, subsample=1.0; total time=   2.9s
[CV] END learning_rate=0.1, max_depth=5, n_estimators=200, subsample=0.8; total time=   5.2s
[CV] END learning_rate=0.1, max_depth=5, n_estimators=200, subsample=0.8; total time=   5.5s
[CV] END learning_rate=0.1, max_depth=5, n_estimators=200, subsample=1.0; total time=   5.6s
